# JRE version: OpenJDK Runtime Environment (11.0.12+7) (build 11.0.12+7-b1504.28-7817840)
# Java VM: OpenJDK 64-Bit Server VM (11.0.12+7-b1504.28-7817840, mixed mode, tiered, compressed oops, g1 gc, windows-amd64)
Heap:
 garbage-first heap   total 328704K, used 241311K [0x0000000080000000, 0x0000000100000000)
  region size 1024K, 74 young (75776K), 6 survivors (6144K)
 Metaspace       used 154550K, capacity 158267K, committed 159020K, reserved 1187840K
  class space    used 19207K, capacity 20650K, committed 20864K, reserved 1048576K
GC Heap History (20 events):
Event: 14513.656 GC heap before
{Heap before GC invocations=134 (full 0):
 garbage-first heap   total 328704K, used 251281K [0x0000000080000000, 0x0000000100000000)
  region size 1024K, 88 young (90112K), 1 survivors (1024K)
 Metaspace       used 143096K, capacity 147593K, committed 147884K, reserved 1177600K
  class space    used 18292K, capacity 19905K, committed 19968K, reserved 1048576K
}
Event: 14513.702 GC heap after
{Heap after GC invocations=135 (full 0):
 garbage-first heap   total 328704K, used 162186K [0x0000000080000000, 0x0000000100000000)
  region size 1024K, 1 young (1024K), 1 survivors (1024K)
 Metaspace       used 143096K, capacity 147593K, committed 147884K, reserved 1177600K
  class space    used 18292K, capacity 19905K, committed 19968K, reserved 1048576K
}
Event: 16330.835 GC heap before
{Heap before GC invocations=136 (full 0):
 garbage-first heap   total 328704K, used 254346K [0x0000000080000000, 0x0000000100000000)
  region size 1024K, 91 young (93184K), 1 survivors (1024K)
 Metaspace       used 141698K, capacity 145241K, committed 147884K, reserved 1177600K
  class space    used 18005K, capacity 19362K, committed 19968K, reserved 1048576K
}
Event: 16330.865 GC heap after
{Heap after GC invocations=137 (full 0):
 garbage-first heap   total 328704K, used 169416K [0x0000000080000000, 0x0000000100000000)
  region size 1024K, 8 young (8192K), 8 survivors (8192K)
 Metaspace       used 141698K, capacity 145241K, committed 147884K, reserved 1177600K
  class space    used 18005K, capacity 19362K, committed 19968K, reserved 1048576K
}
Event: 16331.086 GC heap before
{Heap before GC invocations=137 (full 0):
 garbage-first heap   total 328704K, used 177608K [0x0000000080000000, 0x0000000100000000)
  region size 1024K, 16 young (16384K), 8 survivors (8192K)
 Metaspace       used 141889K, capacity 145417K, committed 147884K, reserved 1177600K
  class space    used 18027K, capacity 19396K, committed 19968K, reserved 1048576K
}
Event: 16331.186 GC heap after
{Heap after GC invocations=138 (full 0):
 garbage-first heap   total 328704K, used 159324K [0x0000000080000000, 0x0000000100000000)
  region size 1024K, 2 young (2048K), 2 survivors (2048K)
 Metaspace       used 141889K, capacity 145417K, committed 147884K, reserved 1177600K
  class space    used 18027K, capacity 19396K, committed 19968K, reserved 1048576K
}
Event: 16340.398 GC heap before
{Heap before GC invocations=138 (full 0):
 garbage-first heap   total 328704K, used 252508K [0x0000000080000000, 0x0000000100000000)
  region size 1024K, 94 young (96256K), 2 survivors (2048K)
 Metaspace       used 143183K, capacity 146735K, committed 148140K, reserved 1177600K
  class space    used 18146K, capacity 19527K, committed 19968K, reserved 1048576K
}
Event: 16340.449 GC heap after
{Heap after GC invocations=139 (full 0):
 garbage-first heap   total 328704K, used 171498K [0x0000000080000000, 0x0000000100000000)
  region size 1024K, 12 young (12288K), 12 survivors (12288K)
 Metaspace       used 143183K, capacity 146735K, committed 148140K, reserved 1177600K
  class space    used 18146K, capacity 19527K, committed 19968K, reserved 1048576K
}
Event: 16344.998 GC heap before
{Heap before GC invocations=140 (full 0):
 garbage-first heap   total 328704K, used 277994K [0x0000000080000000, 0x0000000100000000)
  region size 1024K, 100 young (102400K), 12 survivors (12288K)
 Metaspace       used 146761K, capacity 150430K, committed 151596K, reserved 1181696K
  class space    used 18544K, capacity 19978K, committed 20352K, reserved 1048576K
}
Event: 16345.063 GC heap after
{Heap after GC invocations=141 (full 0):
 garbage-first heap   total 328704K, used 191409K [0x0000000080000000, 0x0000000100000000)
  region size 1024K, 13 young (13312K), 13 survivors (13312K)
 Metaspace       used 146761K, capacity 150430K, committed 151596K, reserved 1181696K
  class space    used 18544K, capacity 19978K, committed 20352K, reserved 1048576K
}
Event: 16345.244 GC heap before
{Heap before GC invocations=141 (full 0):
 garbage-first heap   total 328704K, used 193457K [0x0000000080000000, 0x0000000100000000)
  region size 1024K, 16 young (16384K), 13 survivors (13312K)
 Metaspace       used 146764K, capacity 150494K, committed 151596K, reserved 1181696K
  class space    used 18544K, capacity 19978K, committed 20352K, reserved 1048576K
}
Event: 16345.298 GC heap after
{Heap after GC invocations=142 (full 0):
 garbage-first heap   total 328704K, used 181248K [0x0000000080000000, 0x0000000100000000)
  region size 1024K, 2 young (2048K), 2 survivors (2048K)
 Metaspace       used 146764K, capacity 150494K, committed 151596K, reserved 1181696K
  class space    used 18544K, capacity 19978K, committed 20352K, reserved 1048576K
}
Event: 16345.594 GC heap before
{Heap before GC invocations=142 (full 0):
 garbage-first heap   total 328704K, used 192512K [0x0000000080000000, 0x0000000100000000)
  region size 1024K, 14 young (14336K), 2 survivors (2048K)
 Metaspace       used 146854K, capacity 150564K, committed 151596K, reserved 1181696K
  class space    used 18551K, capacity 19980K, committed 20352K, reserved 1048576K
}
Event: 16345.613 GC heap after
{Heap after GC invocations=143 (full 0):
 garbage-first heap   total 328704K, used 184781K [0x0000000080000000, 0x0000000100000000)
  region size 1024K, 6 young (6144K), 6 survivors (6144K)
 Metaspace       used 146854K, capacity 150564K, committed 151596K, reserved 1181696K
  class space    used 18551K, capacity 19980K, committed 20352K, reserved 1048576K
}
Event: 16348.174 GC heap before
{Heap before GC invocations=144 (full 0):
 garbage-first heap   total 328704K, used 281037K [0x0000000080000000, 0x0000000100000000)
  region size 1024K, 84 young (86016K), 6 survivors (6144K)
 Metaspace       used 151107K, capacity 154736K, committed 155692K, reserved 1183744K
  class space    used 18875K, capacity 20283K, committed 20608K, reserved 1048576K
}
Event: 16348.201 GC heap after
{Heap after GC invocations=145 (full 0):
 garbage-first heap   total 328704K, used 192393K [0x0000000080000000, 0x0000000100000000)
  region size 1024K, 11 young (11264K), 11 survivors (11264K)
 Metaspace       used 151107K, capacity 154736K, committed 155692K, reserved 1183744K
  class space    used 18875K, capacity 20283K, committed 20608K, reserved 1048576K
}
Event: 16348.250 GC heap before
{Heap before GC invocations=145 (full 0):
 garbage-first heap   total 328704K, used 197513K [0x0000000080000000, 0x0000000100000000)
  region size 1024K, 16 young (16384K), 11 survivors (11264K)
 Metaspace       used 151194K, capacity 154832K, committed 155692K, reserved 1183744K
  class space    used 18880K, capacity 20315K, committed 20608K, reserved 1048576K
}
Event: 16348.269 GC heap after
{Heap after GC invocations=146 (full 0):
 garbage-first heap   total 328704K, used 192512K [0x0000000080000000, 0x0000000100000000)
  region size 1024K, 2 young (2048K), 2 survivors (2048K)
 Metaspace       used 151194K, capacity 154832K, committed 155692K, reserved 1183744K
  class space    used 18880K, capacity 20315K, committed 20608K, reserved 1048576K
}
Event: 16349.795 GC heap before
{Heap before GC invocations=146 (full 0):
 garbage-first heap   total 328704K, used 264192K [0x0000000080000000, 0x0000000100000000)
  region size 1024K, 73 young (74752K), 2 survivors (2048K)
 Metaspace       used 152362K, capacity 156074K, committed 157100K, reserved 1185792K
  class space    used 18966K, capacity 20383K, committed 20736K, reserved 1048576K
}
Event: 16349.827 GC heap after
{Heap after GC invocations=147 (full 0):
 garbage-first heap   total 328704K, used 196255K [0x0000000080000000, 0x0000000100000000)
  region size 1024K, 6 young (6144K), 6 survivors (6144K)
 Metaspace       used 152362K, capacity 156074K, committed 157100K, reserved 1185792K
  class space    used 18966K, capacity 20383K, committed 20736K, reserved 1048576K
}

